###############################################################################
#
# IAR ANSI C/C++ Compiler V7.20.1.7305/W32 for ARM        12/Nov/2018  21:41:59
# Copyright 1999-2014 IAR Systems AB.
#
#    Cpu mode     =  thumb
#    Endian       =  little
#    Source file  =  
#        D:\yv\EIE\X\Razor_Atmel\firmware_common\application\user_app1.c
#    Command line =  
#        D:\yv\EIE\X\Razor_Atmel\firmware_common\application\user_app1.c -D
#        EIE1 --preprocess=cl
#        D:\yv\EIE\X\Razor_Atmel\firmware_ascii\iar_7_20_1\Debug\List\ -lC
#        D:\yv\EIE\X\Razor_Atmel\firmware_ascii\iar_7_20_1\Debug\List\ -o
#        D:\yv\EIE\X\Razor_Atmel\firmware_ascii\iar_7_20_1\Debug\Obj\ --no_cse
#        --no_unroll --no_inline --no_code_motion --no_tbaa --no_clustering
#        --no_scheduling --debug --endian=little --cpu=Cortex-M3 -e --fpu=None
#        --dlib_config D:\yv\EIE\arm\INC\c\DLib_Config_Normal.h -I
#        D:\yv\EIE\X\Razor_Atmel\firmware_ascii\iar_7_20_1\ -I
#        D:\yv\EIE\X\Razor_Atmel\firmware_ascii\iar_7_20_1\..\bsp\ -I
#        D:\yv\EIE\X\Razor_Atmel\firmware_ascii\iar_7_20_1\..\drivers\ -I
#        D:\yv\EIE\X\Razor_Atmel\firmware_ascii\iar_7_20_1\..\application\ -I
#        D:\yv\EIE\X\Razor_Atmel\firmware_ascii\iar_7_20_1\..\..\firmware_common\
#        -I
#        D:\yv\EIE\X\Razor_Atmel\firmware_ascii\iar_7_20_1\..\..\firmware_common\application\
#        -I
#        D:\yv\EIE\X\Razor_Atmel\firmware_ascii\iar_7_20_1\..\..\firmware_common\cmsis\
#        -I
#        D:\yv\EIE\X\Razor_Atmel\firmware_ascii\iar_7_20_1\..\..\firmware_common\drivers\
#        -On --use_c++_inline --require_prototypes -I
#        D:\yv\EIE\arm\CMSIS\Include\
#    List file    =  
#        D:\yv\EIE\X\Razor_Atmel\firmware_ascii\iar_7_20_1\Debug\List\user_app1.lst
#    Object file  =  
#        D:\yv\EIE\X\Razor_Atmel\firmware_ascii\iar_7_20_1\Debug\Obj\user_app1.o
#
###############################################################################

D:\yv\EIE\X\Razor_Atmel\firmware_common\application\user_app1.c
      1          /**********************************************************************************************************************
      2          File: user_app1.c                                                                
      3          
      4          ----------------------------------------------------------------------------------------------------------------------
      5          To start a new task using this user_app1 as a template:
      6           1. Copy both user_app1.c and user_app1.h to the Application directory
      7           2. Rename the files yournewtaskname.c and yournewtaskname.h
      8           3. Add yournewtaskname.c and yournewtaskname.h to the Application Include and Source groups in the IAR project
      9           4. Use ctrl-h (make sure "Match Case" is checked) to find and replace all instances of "user_app1" with "yournewtaskname"
     10           5. Use ctrl-h to find and replace all instances of "UserApp1" with "YourNewTaskName"
     11           6. Use ctrl-h to find and replace all instances of "USER_APP1" with "YOUR_NEW_TASK_NAME"
     12           7. Add a call to YourNewTaskNameInitialize() in the init section of main
     13           8. Add a call to YourNewTaskNameRunActiveState() in the Super Loop section of main
     14           9. Update yournewtaskname.h per the instructions at the top of yournewtaskname.h
     15          10. Delete this text (between the dashed lines) and update the Description below to describe your task
     16          ----------------------------------------------------------------------------------------------------------------------
     17          
     18          Description:
     19          This is a user_app1.c file template 
     20          
     21          ------------------------------------------------------------------------------------------------------------------------
     22          API:
     23          
     24          Public functions:
     25          
     26          
     27          Protected System functions:
     28          void UserApp1Initialize(void)
     29          Runs required initialzation for the task.  Should only be called once in main init section.
     30          
     31          void UserApp1RunActiveState(void)
     32          Runs current task state.  Should only be called once in main loop.
     33          
     34          
     35          **********************************************************************************************************************/
     36          
     37          #include "configuration.h"
     38          
     39          /***********************************************************************************************************************
     40          Global variable definitions with scope across entire project.
     41          All Global variable names shall start with "G_UserApp1"
     42          ***********************************************************************************************************************/
     43          /* New variables */

   \                                 In section .bss, align 4
     44          volatile u32 G_u32UserApp1Flags;                       /* Global state flags */
   \                     G_u32UserApp1Flags:
   \   00000000                      DS8 4
     45          
     46          
     47          /*--------------------------------------------------------------------------------------------------------------------*/
     48          /* Existing variables (defined in other files -- should all contain the "extern" keyword) */
     49          extern volatile u32 G_u32SystemFlags;                  /* From main.c */
     50          extern volatile u32 G_u32ApplicationFlags;             /* From main.c */
     51          
     52          extern volatile u32 G_u32SystemTime1ms;                /* From board-specific source file */
     53          extern volatile u32 G_u32SystemTime1s;                 /* From board-specific source file */
     54          
     55          extern u32 G_u32AntApiCurrentMessageTimeStamp;                    
     56          extern AntApplicationMessageType G_eAntApiCurrentMessageClass;    
     57          extern u8 G_au8AntApiCurrentMessageBytes[ANT_APPLICATION_MESSAGE_BYTES];  
     58          extern AntExtendedDataType G_sAntApiCurrentMessageExtData;
     59          
     60          /***********************************************************************************************************************
     61          Global variable definitions with scope limited to this local application.
     62          Variable names shall start with "UserApp1_" and be declared as static.
     63          ***********************************************************************************************************************/
     64          static fnCode_type UserApp1_StateMachine;            /* The state machine function pointer */
     65          static u32 UserApp1_u32Timeout;                      /* Timeout counter used across states */
     66          

   \                                 In section .bss, align 4
     67          static fnCode_type UserApp1_StateMachine;            /* The state machine function pointer */
   \                     UserApp1_StateMachine:
   \   00000000                      DS8 4
     68          
     69          

   \                                 In section .bss, align 4
     70          static u32 UserApp1_u32Timeout;                        /* Timeout counter used across states */
   \                     UserApp1_u32Timeout:
   \   00000000                      DS8 4
     71          

   \                                 In section .bss, align 4
     72          static AntAssignChannelInfoType UserApp1_sChannelInfo; /* ANT setup parameters */
   \                     UserApp1_sChannelInfo:
   \   00000000                      DS8 20
     73          

   \                                 In section .data, align 4
     74          static u8 UserApp1_au8MessageFail[] = "\n\r***ANT channel setup failed***\n\n\r";
   \                     UserApp1_au8MessageFail:
   \   00000000   0x0A 0x0D          DC8 "\012\015***ANT channel setup failed***\012\012\015"
   \              0x2A 0x2A    
   \              0x2A 0x41    
   \              0x4E 0x54    
   \              0x20 0x63    
   \              0x68 0x61    
   \              0x6E 0x6E    
   \              0x65 0x6C    
   \              0x20 0x73    
   \              0x65 0x74    
   \              0x75 0x70    
   \              0x20 0x66    
   \              0x61 0x69    
   \              0x6C 0x65    
   \              0x64 0x2A    
   \              0x2A 0x2A    
   \              0x0A 0x0A    
   \              0x0D 0x00    
     75          

   \                                 In section .data, align 4
     76          u8 au8DataContent[] = "xxxxxxxxxxxxxxxx";
   \                     au8DataContent:
   \   00000000   0x78 0x78          DC8 "xxxxxxxxxxxxxxxx"
   \              0x78 0x78    
   \              0x78 0x78    
   \              0x78 0x78    
   \              0x78 0x78    
   \              0x78 0x78    
   \              0x78 0x78    
   \              0x78 0x78    
   \              0x00         
   \   00000011   0x00 0x00          DC8 0, 0, 0
   \              0x00         
     77          

   \                                 In section .data, align 4
     78          u8 G_au8AntApiCurrentData[]="xxxxxxxxxxxxxxxx";
   \                     G_au8AntApiCurrentData:
   \   00000000   0x78 0x78          DC8 "xxxxxxxxxxxxxxxx"
   \              0x78 0x78    
   \              0x78 0x78    
   \              0x78 0x78    
   \              0x78 0x78    
   \              0x78 0x78    
   \              0x78 0x78    
   \              0x78 0x78    
   \              0x00         
   \   00000011   0x00 0x00          DC8 0, 0, 0
   \              0x00         
     79          
     80          
     81          /**********************************************************************************************************************
     82          Function Definitions
     83          **********************************************************************************************************************/
     84          
     85          /*--------------------------------------------------------------------------------------------------------------------*/
     86          /* Public functions                                                                                                   */
     87          /*--------------------------------------------------------------------------------------------------------------------*/
     88          
     89          /*--------------------------------------------------------------------------------------------------------------------*/
     90          /* Protected functions                                                                                                */
     91          /*--------------------------------------------------------------------------------------------------------------------*/
     92          
     93          /*--------------------------------------------------------------------------------------------------------------------
     94          Function: UserApp1Initialize
     95          
     96          Description:
     97          Initializes the State Machine and its variables.
     98          
     99          Requires:
    100            -
    101          
    102          Promises:
    103            - 
    104          */

   \                                 In section .text, align 2, keep-with-next
    105          static void UserApp1SM_AntChannelAssign()
    106          {
   \                     UserApp1SM_AntChannelAssign: (+1)
   \   00000000   0xB580             PUSH     {R7,LR}
    107            if( AntRadioStatusChannel(ANT_CHANNEL_USERAPP) == ANT_CONFIGURED)
   \   00000002   0x2000             MOVS     R0,#+0
   \   00000004   0x.... 0x....      BL       AntRadioStatusChannel
   \   00000008   0x2801             CMP      R0,#+1
   \   0000000A   0xD106             BNE.N    ??UserApp1SM_AntChannelAssign_0
    108            {
    109              /* Channel assignment is successful, so open channel and
    110              proceed to Idle state */
    111              AntOpenChannelNumber(ANT_CHANNEL_USERAPP);
   \   0000000C   0x2000             MOVS     R0,#+0
   \   0000000E   0x.... 0x....      BL       AntOpenChannelNumber
    112              UserApp1_StateMachine = UserApp1SM_Idle;
   \   00000012   0x.... 0x....      ADR.W    R0,UserApp1SM_Idle
   \   00000016   0x....             LDR.N    R1,??DataTable3
   \   00000018   0x6008             STR      R0,[R1, #+0]
    113            }
    114            
    115            /* Watch for time out */
    116            if(IsTimeUp(&UserApp1_u32Timeout, 3000))
   \                     ??UserApp1SM_AntChannelAssign_0: (+1)
   \   0000001A   0xF640 0x31B8      MOVW     R1,#+3000
   \   0000001E   0x....             LDR.N    R0,??DataTable3_1
   \   00000020   0x.... 0x....      BL       IsTimeUp
   \   00000024   0x2800             CMP      R0,#+0
   \   00000026   0xD006             BEQ.N    ??UserApp1SM_AntChannelAssign_1
    117            {
    118              DebugPrintf(UserApp1_au8MessageFail);
   \   00000028   0x....             LDR.N    R0,??DataTable3_2
   \   0000002A   0x.... 0x....      BL       DebugPrintf
    119              UserApp1_StateMachine = UserApp1SM_Error;    
   \   0000002E   0x.... 0x....      ADR.W    R0,UserApp1SM_Error
   \   00000032   0x....             LDR.N    R1,??DataTable3
   \   00000034   0x6008             STR      R0,[R1, #+0]
    120            }
    121               
    122          } /* end UserApp1SM_AntChannelAssign */
   \                     ??UserApp1SM_AntChannelAssign_1: (+1)
   \   00000036   0xBD01             POP      {R0,PC}          ;; return
    123          

   \                                 In section .text, align 4, keep-with-next
    124          static void UserApp1SM_Idle(void)
    125          {
   \                     UserApp1SM_Idle: (+1)
   \   00000000   0xB510             PUSH     {R4,LR}
    126            if( AntReadAppMessageBuffer() )
   \   00000002   0x.... 0x....      BL       AntReadAppMessageBuffer
   \   00000006   0x2800             CMP      R0,#+0
   \   00000008   0xD04E             BEQ.N    ??UserApp1SM_Idle_0
    127            {
    128              static u8 au8TestMessage[] = {0x5B, 0, 0, 0, 0xFF, 0, 0, 0}; 
    129              /* New message from ANT task: check what it is */
    130              if(G_eAntApiCurrentMessageClass == ANT_DATA)
   \   0000000A   0x....             LDR.N    R0,??DataTable3_3
   \   0000000C   0x7800             LDRB     R0,[R0, #+0]
   \   0000000E   0x2801             CMP      R0,#+1
   \   00000010   0xD12B             BNE.N    ??UserApp1SM_Idle_1
    131              {
    132                LCDMessage(LINE2_START_ADDR, au8DataContent);
   \   00000012   0x....             LDR.N    R1,??DataTable3_4
   \   00000014   0x2040             MOVS     R0,#+64
   \   00000016   0x.... 0x....      BL       LCDMessage
    133                for(u8 i = 0; i < ANT_DATA_BYTES; i++)
   \   0000001A   0x2400             MOVS     R4,#+0
   \                     ??UserApp1SM_Idle_2: (+1)
   \   0000001C   0xB2E4             UXTB     R4,R4            ;; ZeroExt  R4,R4,#+24,#+24
   \   0000001E   0x2C08             CMP      R4,#+8
   \   00000020   0xDA1E             BGE.N    ??UserApp1SM_Idle_3
    134                {
    135                   au8DataContent[2 * i]     = HexToASCIICharUpper(G_au8AntApiCurrentData[i] / 16);
   \   00000022   0x....             LDR.N    R0,??DataTable3_5
   \   00000024   0xB2E4             UXTB     R4,R4            ;; ZeroExt  R4,R4,#+24,#+24
   \   00000026   0x5C20             LDRB     R0,[R4, R0]
   \   00000028   0x2110             MOVS     R1,#+16
   \   0000002A   0xFB90 0xF0F1      SDIV     R0,R0,R1
   \   0000002E   0xB2C0             UXTB     R0,R0            ;; ZeroExt  R0,R0,#+24,#+24
   \   00000030   0x.... 0x....      BL       HexToASCIICharUpper
   \   00000034   0x....             LDR.N    R1,??DataTable3_4
   \   00000036   0xB2E4             UXTB     R4,R4            ;; ZeroExt  R4,R4,#+24,#+24
   \   00000038   0xF801 0x0014      STRB     R0,[R1, R4, LSL #+1]
    136                   au8DataContent[2 * i + 1] = HexToASCIICharUpper(G_au8AntApiCurrentData[i] % 16);
   \   0000003C   0x....             LDR.N    R0,??DataTable3_5
   \   0000003E   0xB2E4             UXTB     R4,R4            ;; ZeroExt  R4,R4,#+24,#+24
   \   00000040   0x5C21             LDRB     R1,[R4, R0]
   \   00000042   0x2210             MOVS     R2,#+16
   \   00000044   0xFB91 0xF0F2      SDIV     R0,R1,R2
   \   00000048   0xFB00 0x1012      MLS      R0,R0,R2,R1
   \   0000004C   0xB2C0             UXTB     R0,R0            ;; ZeroExt  R0,R0,#+24,#+24
   \   0000004E   0x.... 0x....      BL       HexToASCIICharUpper
   \   00000052   0x....             LDR.N    R1,??DataTable3_4
   \   00000054   0xB2E4             UXTB     R4,R4            ;; ZeroExt  R4,R4,#+24,#+24
   \   00000056   0xEB11 0x0144      ADDS     R1,R1,R4, LSL #+1
   \   0000005A   0x7048             STRB     R0,[R1, #+1]
    137                }
   \   0000005C   0x1C64             ADDS     R4,R4,#+1
   \   0000005E   0xE7DD             B.N      ??UserApp1SM_Idle_2
    138                LCDMessage(LINE2_START_ADDR, au8DataContent);
   \                     ??UserApp1SM_Idle_3: (+1)
   \   00000060   0x....             LDR.N    R1,??DataTable3_4
   \   00000062   0x2040             MOVS     R0,#+64
   \   00000064   0x.... 0x....      BL       LCDMessage
   \   00000068   0xE01E             B.N      ??UserApp1SM_Idle_0
    139                /* We got some data */
    140              }
    141              else if(G_eAntApiCurrentMessageClass == ANT_TICK)
   \                     ??UserApp1SM_Idle_1: (+1)
   \   0000006A   0x....             LDR.N    R0,??DataTable3_3
   \   0000006C   0x7800             LDRB     R0,[R0, #+0]
   \   0000006E   0x2802             CMP      R0,#+2
   \   00000070   0xD11A             BNE.N    ??UserApp1SM_Idle_0
    142              {
    143               /* A channel period has gone by: typically this is when new data should be queued to be sent */
    144                 /* Update and queue the new message data */
    145                  au8TestMessage[7]++;
   \   00000072   0x....             LDR.N    R0,??DataTable3_6
   \   00000074   0x79C0             LDRB     R0,[R0, #+7]
   \   00000076   0x1C40             ADDS     R0,R0,#+1
   \   00000078   0x....             LDR.N    R1,??DataTable3_6
   \   0000007A   0x71C8             STRB     R0,[R1, #+7]
    146                  if(au8TestMessage[7] == 0)
   \   0000007C   0x....             LDR.N    R0,??DataTable3_6
   \   0000007E   0x79C0             LDRB     R0,[R0, #+7]
   \   00000080   0x2800             CMP      R0,#+0
   \   00000082   0xD10D             BNE.N    ??UserApp1SM_Idle_4
    147                  {
    148                    au8TestMessage[6]++;
   \   00000084   0x....             LDR.N    R0,??DataTable3_6
   \   00000086   0x7980             LDRB     R0,[R0, #+6]
   \   00000088   0x1C40             ADDS     R0,R0,#+1
   \   0000008A   0x....             LDR.N    R1,??DataTable3_6
   \   0000008C   0x7188             STRB     R0,[R1, #+6]
    149                    if(au8TestMessage[6] == 0)
   \   0000008E   0x....             LDR.N    R0,??DataTable3_6
   \   00000090   0x7980             LDRB     R0,[R0, #+6]
   \   00000092   0x2800             CMP      R0,#+0
   \   00000094   0xD104             BNE.N    ??UserApp1SM_Idle_4
    150                    {
    151                      au8TestMessage[5]++;
   \   00000096   0x....             LDR.N    R0,??DataTable3_6
   \   00000098   0x7940             LDRB     R0,[R0, #+5]
   \   0000009A   0x1C40             ADDS     R0,R0,#+1
   \   0000009C   0x....             LDR.N    R1,??DataTable3_6
   \   0000009E   0x7148             STRB     R0,[R1, #+5]
    152                    }
    153                  }
    154                 AntQueueBroadcastMessage(ANT_CHANNEL_USERAPP, au8TestMessage);    
   \                     ??UserApp1SM_Idle_4: (+1)
   \   000000A0   0x....             LDR.N    R1,??DataTable3_6
   \   000000A2   0x2000             MOVS     R0,#+0
   \   000000A4   0x.... 0x....      BL       AntQueueBroadcastMessage
    155                
    156             } /* end AntReadAppMessageBuffer() */
    157          
    158            }/* end UserApp1SM_Idle() */
    159          } 
   \                     ??UserApp1SM_Idle_0: (+1)
   \   000000A8   0xBD10             POP      {R4,PC}          ;; return

   \                                 In section .data, align 4
   \                     ??au8TestMessage:
   \   00000000   0x5B 0x00          DC8 91, 0, 0, 0, 255, 0, 0, 0
   \              0x00 0x00    
   \              0xFF 0x00    
   \              0x00 0x00    
    160          

   \                                 In section .text, align 2, keep-with-next
    161          void UserApp1Initialize(void)
    162          {
   \                     UserApp1Initialize: (+1)
   \   00000000   0xB5E0             PUSH     {R5-R7,LR}
    163           
    164            /* If good initialization, set state to Idle */
    165            if( 1 )
    166            {
    167              UserApp1_StateMachine = UserApp1SM_Idle;
   \   00000002   0x....             LDR.N    R0,??DataTable3_7
   \   00000004   0x....             LDR.N    R1,??DataTable3
   \   00000006   0x6008             STR      R0,[R1, #+0]
    168            }
    169            else
    170            {
    171              /* The task isn't properly initialized, so shut it down and don't run */
    172              UserApp1_StateMachine = UserApp1SM_Error;
    173            }
    174          u8 au8WelcomeMessage[] = "ANT Master";
   \   00000008   0xA800             ADD      R0,SP,#+0
   \   0000000A   0x....             LDR.N    R1,??DataTable3_8
   \   0000000C   0x220B             MOVS     R2,#+11
   \   0000000E   0x.... 0x....      BL       __aeabi_memcpy
    175          
    176            /* Set a message up on the LCD. Delay is required to let the clear command send. */
    177            LCDCommand(LCD_CLEAR_CMD);
   \   00000012   0x2001             MOVS     R0,#+1
   \   00000014   0x.... 0x....      BL       LCDCommand
    178            for(u32 i = 0; i < 10000; i++);
   \   00000018   0x2000             MOVS     R0,#+0
   \                     ??UserApp1Initialize_0: (+1)
   \   0000001A   0xF242 0x7110      MOVW     R1,#+10000
   \   0000001E   0x4288             CMP      R0,R1
   \   00000020   0xD201             BCS.N    ??UserApp1Initialize_1
   \   00000022   0x1C40             ADDS     R0,R0,#+1
   \   00000024   0xE7F9             B.N      ??UserApp1Initialize_0
    179            LCDMessage(LINE1_START_ADDR, au8WelcomeMessage);
   \                     ??UserApp1Initialize_1: (+1)
   \   00000026   0xA900             ADD      R1,SP,#+0
   \   00000028   0x2000             MOVS     R0,#+0
   \   0000002A   0x.... 0x....      BL       LCDMessage
    180          
    181           /* Configure ANT for this application */
    182            UserApp1_sChannelInfo.AntChannel          = ANT_CHANNEL_USERAPP;
   \   0000002E   0x2000             MOVS     R0,#+0
   \   00000030   0x....             LDR.N    R1,??DataTable3_9
   \   00000032   0x7008             STRB     R0,[R1, #+0]
    183            UserApp1_sChannelInfo.AntChannelType      = ANT_CHANNEL_TYPE_USERAPP;
   \   00000034   0x2010             MOVS     R0,#+16
   \   00000036   0x....             LDR.N    R1,??DataTable3_9
   \   00000038   0x7048             STRB     R0,[R1, #+1]
    184            UserApp1_sChannelInfo.AntChannelPeriodLo  = ANT_CHANNEL_PERIOD_LO_USERAPP;
   \   0000003A   0x2000             MOVS     R0,#+0
   \   0000003C   0x....             LDR.N    R1,??DataTable3_9
   \   0000003E   0x73C8             STRB     R0,[R1, #+15]
    185            UserApp1_sChannelInfo.AntChannelPeriodHi  = ANT_CHANNEL_PERIOD_HI_USERAPP;
   \   00000040   0x2020             MOVS     R0,#+32
   \   00000042   0x....             LDR.N    R1,??DataTable3_9
   \   00000044   0x7408             STRB     R0,[R1, #+16]
    186           
    187            UserApp1_sChannelInfo.AntDeviceIdLo       = ANT_DEVICEID_LO_USERAPP;
   \   00000046   0x2034             MOVS     R0,#+52
   \   00000048   0x....             LDR.N    R1,??DataTable3_9
   \   0000004A   0x72C8             STRB     R0,[R1, #+11]
    188            UserApp1_sChannelInfo.AntDeviceIdHi       = ANT_DEVICEID_HI_USERAPP;
   \   0000004C   0x2012             MOVS     R0,#+18
   \   0000004E   0x....             LDR.N    R1,??DataTable3_9
   \   00000050   0x7308             STRB     R0,[R1, #+12]
    189            UserApp1_sChannelInfo.AntDeviceType       = ANT_DEVICE_TYPE_USERAPP;
   \   00000052   0x2001             MOVS     R0,#+1
   \   00000054   0x....             LDR.N    R1,??DataTable3_9
   \   00000056   0x7348             STRB     R0,[R1, #+13]
    190            UserApp1_sChannelInfo.AntTransmissionType = ANT_TRANSMISSION_TYPE_USERAPP;
   \   00000058   0x2001             MOVS     R0,#+1
   \   0000005A   0x....             LDR.N    R1,??DataTable3_9
   \   0000005C   0x7388             STRB     R0,[R1, #+14]
    191            UserApp1_sChannelInfo.AntFrequency        = ANT_FREQUENCY_USERAPP;
   \   0000005E   0x2032             MOVS     R0,#+50
   \   00000060   0x....             LDR.N    R1,??DataTable3_9
   \   00000062   0x7448             STRB     R0,[R1, #+17]
    192            UserApp1_sChannelInfo.AntTxPower          = ANT_TX_POWER_USERAPP;
   \   00000064   0x2004             MOVS     R0,#+4
   \   00000066   0x....             LDR.N    R1,??DataTable3_9
   \   00000068   0x7488             STRB     R0,[R1, #+18]
    193          
    194            UserApp1_sChannelInfo.AntNetwork = ANT_NETWORK_DEFAULT;
   \   0000006A   0x2000             MOVS     R0,#+0
   \   0000006C   0x....             LDR.N    R1,??DataTable3_9
   \   0000006E   0x7088             STRB     R0,[R1, #+2]
    195            for(u8 i = 0; i < ANT_NETWORK_NUMBER_BYTES; i++)
   \   00000070   0x2000             MOVS     R0,#+0
   \                     ??UserApp1Initialize_2: (+1)
   \   00000072   0xB2C0             UXTB     R0,R0            ;; ZeroExt  R0,R0,#+24,#+24
   \   00000074   0x2808             CMP      R0,#+8
   \   00000076   0xDA06             BGE.N    ??UserApp1Initialize_3
    196            {
    197              UserApp1_sChannelInfo.AntNetworkKey[i] = ANT_DEFAULT_NETWORK_KEY;
   \   00000078   0x2100             MOVS     R1,#+0
   \   0000007A   0x....             LDR.N    R2,??DataTable3_9
   \   0000007C   0xB2C0             UXTB     R0,R0            ;; ZeroExt  R0,R0,#+24,#+24
   \   0000007E   0x1882             ADDS     R2,R0,R2
   \   00000080   0x70D1             STRB     R1,[R2, #+3]
    198            }
   \   00000082   0x1C40             ADDS     R0,R0,#+1
   \   00000084   0xE7F5             B.N      ??UserApp1Initialize_2
    199            
    200            /* Attempt to queue the ANT channel setup */
    201            if( AntAssignChannel(&UserApp1_sChannelInfo) )
   \                     ??UserApp1Initialize_3: (+1)
   \   00000086   0x....             LDR.N    R0,??DataTable3_9
   \   00000088   0x.... 0x....      BL       AntAssignChannel
   \   0000008C   0x2800             CMP      R0,#+0
   \   0000008E   0xD007             BEQ.N    ??UserApp1Initialize_4
    202            {
    203              UserApp1_u32Timeout = G_u32SystemTime1ms;
   \   00000090   0x....             LDR.N    R0,??DataTable3_10
   \   00000092   0x6800             LDR      R0,[R0, #+0]
   \   00000094   0x....             LDR.N    R1,??DataTable3_1
   \   00000096   0x6008             STR      R0,[R1, #+0]
    204              UserApp1_StateMachine = UserApp1SM_AntChannelAssign;
   \   00000098   0x....             LDR.N    R0,??DataTable3_11
   \   0000009A   0x....             LDR.N    R1,??DataTable3
   \   0000009C   0x6008             STR      R0,[R1, #+0]
   \   0000009E   0xE006             B.N      ??UserApp1Initialize_5
    205            }
    206            else
    207            {
    208              /* The task isn't properly initialized, so shut it down and don't run */
    209              DebugPrintf(UserApp1_au8MessageFail);
   \                     ??UserApp1Initialize_4: (+1)
   \   000000A0   0x....             LDR.N    R0,??DataTable3_2
   \   000000A2   0x.... 0x....      BL       DebugPrintf
    210              UserApp1_StateMachine = UserApp1SM_Error;
   \   000000A6   0x.... 0x....      ADR.W    R0,UserApp1SM_Error
   \   000000AA   0x....             LDR.N    R1,??DataTable3
   \   000000AC   0x6008             STR      R0,[R1, #+0]
    211            }
    212          } /* end UserApp1Initialize() */
   \                     ??UserApp1Initialize_5: (+1)
   \   000000AE   0xBD07             POP      {R0-R2,PC}       ;; return
    213          
    214            
    215          /*----------------------------------------------------------------------------------------------------------------------
    216          Function UserApp1RunActiveState()
    217          
    218          Description:
    219          Selects and runs one iteration of the current state in the state machine.
    220          All state machines have a TOTAL of 1ms to execute, so on average n state machines
    221          may take 1ms / n to execute.
    222          
    223          Requires:
    224            - State machine function pointer points at current state
    225          
    226          Promises:
    227            - Calls the function to pointed by the state machine function pointer
    228          */

   \                                 In section .text, align 2, keep-with-next
    229          void UserApp1RunActiveState(void)
    230          {
   \                     UserApp1RunActiveState: (+1)
   \   00000000   0xB580             PUSH     {R7,LR}
    231            UserApp1_StateMachine();
   \   00000002   0x....             LDR.N    R0,??DataTable3
   \   00000004   0x6800             LDR      R0,[R0, #+0]
   \   00000006   0x4780             BLX      R0
    232          
    233          } /* end UserApp1RunActiveState */
   \   00000008   0xBD01             POP      {R0,PC}          ;; return
    234          
    235          
    236          /*--------------------------------------------------------------------------------------------------------------------*/
    237          /* Private functions                                                                                                  */
    238          /*--------------------------------------------------------------------------------------------------------------------*/
    239          /*AntChannelStatusType AntRadioStatusChannel£¨AntChannelNumberType eChannel_£©
    240          
    241          /**********************************************************************************************************************
                 ^
Warning[Pe009]: nested comment is not allowed
    242          State Machine Function Definitions
    243          **********************************************************************************************************************/
    244          
    245          /*-------------------------------------------------------------------------------------------------------------------*/
    246          /* Wait for ??? */
    247            
    248          
    249          /*-------------------------------------------------------------------------------------------------------------------*/
    250          /* Handle an error */

   \                                 In section .text, align 4, keep-with-next
    251          static void UserApp1SM_Error(void)          
    252          {
    253            
    254          } /* end UserApp1SM_Error() */
   \                     UserApp1SM_Error: (+1)
   \   00000000   0x4770             BX       LR               ;; return

   \                                 In section .text, align 4, keep-with-next
   \                     ??DataTable3:
   \   00000000   0x........         DC32     UserApp1_StateMachine

   \                                 In section .text, align 4, keep-with-next
   \                     ??DataTable3_1:
   \   00000000   0x........         DC32     UserApp1_u32Timeout

   \                                 In section .text, align 4, keep-with-next
   \                     ??DataTable3_2:
   \   00000000   0x........         DC32     UserApp1_au8MessageFail

   \                                 In section .text, align 4, keep-with-next
   \                     ??DataTable3_3:
   \   00000000   0x........         DC32     G_eAntApiCurrentMessageClass

   \                                 In section .text, align 4, keep-with-next
   \                     ??DataTable3_4:
   \   00000000   0x........         DC32     au8DataContent

   \                                 In section .text, align 4, keep-with-next
   \                     ??DataTable3_5:
   \   00000000   0x........         DC32     G_au8AntApiCurrentData

   \                                 In section .text, align 4, keep-with-next
   \                     ??DataTable3_6:
   \   00000000   0x........         DC32     ??au8TestMessage

   \                                 In section .text, align 4, keep-with-next
   \                     ??DataTable3_7:
   \   00000000   0x........         DC32     UserApp1SM_Idle

   \                                 In section .text, align 4, keep-with-next
   \                     ??DataTable3_8:
   \   00000000   0x........         DC32     ?_0

   \                                 In section .text, align 4, keep-with-next
   \                     ??DataTable3_9:
   \   00000000   0x........         DC32     UserApp1_sChannelInfo

   \                                 In section .text, align 4, keep-with-next
   \                     ??DataTable3_10:
   \   00000000   0x........         DC32     G_u32SystemTime1ms

   \                                 In section .text, align 4, keep-with-next
   \                     ??DataTable3_11:
   \   00000000   0x........         DC32     UserApp1SM_AntChannelAssign

   \                                 In section .rodata, align 4
   \                     ?_0:
   \   00000000   0x41 0x4E          DC8 "ANT Master"
   \              0x54 0x20    
   \              0x4D 0x61    
   \              0x73 0x74    
   \              0x65 0x72    
   \              0x00         
   \   0000000B   0x00               DC8 0
    255          
    256          
    257          
    258          /*--------------------------------------------------------------------------------------------------------------------*/
    259          /* End of File                                                                                                        */
    260          /*--------------------------------------------------------------------------------------------------------------------*/

   Maximum stack usage in bytes:

   .cstack Function
   ------- --------
      16   UserApp1Initialize
        16   -> AntAssignChannel
        16   -> DebugPrintf
        16   -> LCDCommand
        16   -> LCDMessage
        16   -> __aeabi_memcpy
       8   UserApp1RunActiveState
         8   -- Indirect call
       8   UserApp1SM_AntChannelAssign
         8   -> AntOpenChannelNumber
         8   -> AntRadioStatusChannel
         8   -> DebugPrintf
         8   -> IsTimeUp
       0   UserApp1SM_Error
       8   UserApp1SM_Idle
         8   -> AntQueueBroadcastMessage
         8   -> AntReadAppMessageBuffer
         8   -> HexToASCIICharUpper
         8   -> LCDMessage


   Section sizes:

   Bytes  Function/Label
   -----  --------------
       4  ??DataTable3
       4  ??DataTable3_1
       4  ??DataTable3_10
       4  ??DataTable3_11
       4  ??DataTable3_2
       4  ??DataTable3_3
       4  ??DataTable3_4
       4  ??DataTable3_5
       4  ??DataTable3_6
       4  ??DataTable3_7
       4  ??DataTable3_8
       4  ??DataTable3_9
      12  ?_0
      20  G_au8AntApiCurrentData
       4  G_u32UserApp1Flags
     176  UserApp1Initialize
      10  UserApp1RunActiveState
      56  UserApp1SM_AntChannelAssign
       2  UserApp1SM_Error
     170  UserApp1SM_Idle
       4  UserApp1_StateMachine
      36  UserApp1_au8MessageFail
      20  UserApp1_sChannelInfo
       4  UserApp1_u32Timeout
      20  au8DataContent
       8  au8TestMessage

 
  32 bytes in section .bss
  84 bytes in section .data
  12 bytes in section .rodata
 462 bytes in section .text
 
 462 bytes of CODE  memory
  12 bytes of CONST memory
 116 bytes of DATA  memory

Errors: none
Warnings: 1
